<?xml version="1.0" encoding="UTF-8"?>
<coverage generated="1712316981798" clover="3.2.0">
  <project timestamp="1712316981798" name="All files">
    <metrics statements="543" coveredstatements="226" conditionals="7511" coveredconditionals="732" methods="2574" coveredmethods="360" elements="10628" coveredelements="1318" complexity="0" loc="543" ncloc="543" packages="8" files="20" classes="20"/>
    <package name="prisma.generated.mongo_client">
      <metrics statements="53" coveredstatements="48" conditionals="8" coveredconditionals="4" methods="1" coveredmethods="0"/>
      <file name="index.js" path="/Users/juanazula/dev/azulahub/back/prisma/generated/mongo_client/index.js">
        <metrics statements="53" coveredstatements="48" conditionals="8" coveredconditionals="4" methods="1" coveredmethods="0"/>
        <line num="2" count="1" type="stmt"/>
        <line num="25" count="1" type="stmt"/>
        <line num="28" count="1" type="stmt"/>
        <line num="30" count="1" type="stmt"/>
        <line num="31" count="1" type="stmt"/>
        <line num="37" count="1" type="stmt"/>
        <line num="42" count="1" type="stmt"/>
        <line num="43" count="1" type="stmt"/>
        <line num="44" count="1" type="stmt"/>
        <line num="45" count="1" type="stmt"/>
        <line num="46" count="1" type="stmt"/>
        <line num="47" count="1" type="stmt"/>
        <line num="48" count="1" type="stmt"/>
        <line num="53" count="1" type="stmt"/>
        <line num="54" count="1" type="stmt"/>
        <line num="55" count="1" type="stmt"/>
        <line num="56" count="1" type="stmt"/>
        <line num="57" count="1" type="stmt"/>
        <line num="62" count="1" type="stmt"/>
        <line num="63" count="1" type="stmt"/>
        <line num="68" count="1" type="stmt"/>
        <line num="69" count="1" type="stmt"/>
        <line num="70" count="1" type="stmt"/>
        <line num="72" count="1" type="stmt"/>
        <line num="79" count="1" type="stmt"/>
        <line num="84" count="1" type="stmt"/>
        <line num="91" count="1" type="stmt"/>
        <line num="102" count="1" type="stmt"/>
        <line num="113" count="1" type="stmt"/>
        <line num="118" count="1" type="stmt"/>
        <line num="123" count="1" type="stmt"/>
        <line num="129" count="1" type="stmt"/>
        <line num="138" count="1" type="stmt"/>
        <line num="187" count="1" type="stmt"/>
        <line num="189" count="1" type="stmt"/>
        <line num="190" count="1" type="cond" truecount="1" falsecount="1"/>
        <line num="191" count="0" type="stmt"/>
        <line num="196" count="0" type="cond" truecount="0" falsecount="2"/>
        <line num="197" count="0" type="stmt"/>
        <line num="200" count="0" type="stmt"/>
        <line num="201" count="0" type="stmt"/>
        <line num="204" count="1" type="stmt"/>
        <line num="205" count="1" type="stmt"/>
        <line num="206" count="1" type="stmt"/>
        <line num="209" count="1" type="stmt"/>
        <line num="211" count="1" type="stmt"/>
        <line num="216" count="1" type="stmt"/>
        <line num="217" count="1" type="stmt"/>
        <line num="218" count="1" type="stmt"/>
        <line num="221" count="1" type="stmt"/>
        <line num="222" count="1" type="stmt"/>
        <line num="224" count="1" type="stmt"/>
        <line num="225" count="1" type="stmt"/>
      </file>
    </package>
    <package name="prisma.generated.mongo_client.runtime">
      <metrics statements="51" coveredstatements="30" conditionals="3687" coveredconditionals="487" methods="1271" coveredmethods="251"/>
      <file name="library.js" path="/Users/juanazula/dev/azulahub/back/prisma/generated/mongo_client/runtime/library.js">
        <metrics statements="51" coveredstatements="30" conditionals="3687" coveredconditionals="487" methods="1271" coveredmethods="251"/>
        <line num="1" count="869" type="cond" truecount="77" falsecount="129"/>
        <line num="2" count="18" type="cond" truecount="3" falsecount="1"/>
        <line num="3" count="31" type="cond" truecount="41" falsecount="85"/>
        <line num="4" count="16" type="cond" truecount="6" falsecount="20"/>
        <line num="5" count="7" type="cond" truecount="9" falsecount="179"/>
        <line num="6" count="3" type="cond" truecount="5" falsecount="34"/>
        <line num="7" count="18" type="cond" truecount="15" falsecount="65"/>
        <line num="8" count="1" type="cond" truecount="2" falsecount="12"/>
        <line num="10" count="0" type="stmt"/>
        <line num="14" count="0" type="cond" truecount="0" falsecount="4"/>
        <line num="16" count="4" type="cond" truecount="11" falsecount="22"/>
        <line num="19" count="1" type="cond" truecount="4" falsecount="4"/>
        <line num="21" count="0" type="cond" truecount="0" falsecount="6"/>
        <line num="22" count="64" type="cond" truecount="7" falsecount="59"/>
        <line num="23" count="292" type="cond" truecount="50" falsecount="1190"/>
        <line num="24" count="1" type="cond" truecount="0" falsecount="39"/>
        <line num="25" count="1" type="stmt"/>
        <line num="26" count="159" type="cond" truecount="46" falsecount="215"/>
        <line num="27" count="0" type="stmt"/>
        <line num="28" count="0" type="stmt"/>
        <line num="29" count="0" type="stmt"/>
        <line num="30" count="1" type="cond" truecount="0" falsecount="40"/>
        <line num="31" count="5" type="cond" truecount="16" falsecount="181"/>
        <line num="33" count="1" type="cond" truecount="3" falsecount="21"/>
        <line num="35" count="0" type="stmt"/>
        <line num="36" count="0" type="stmt"/>
        <line num="37" count="0" type="stmt"/>
        <line num="42" count="0" type="stmt"/>
        <line num="43" count="0" type="cond" truecount="0" falsecount="2"/>
        <line num="45" count="0" type="stmt"/>
        <line num="52" count="0" type="stmt"/>
        <line num="57" count="0" type="stmt"/>
        <line num="64" count="1" type="cond" truecount="10" falsecount="21"/>
        <line num="65" count="0" type="stmt"/>
        <line num="66" count="1" type="cond" truecount="0" falsecount="7"/>
        <line num="69" count="0" type="stmt"/>
        <line num="101" count="0" type="stmt"/>
        <line num="110" count="1" type="cond" truecount="9" falsecount="91"/>
        <line num="111" count="1" type="cond" truecount="19" falsecount="170"/>
        <line num="112" count="2" type="cond" truecount="15" falsecount="35"/>
        <line num="113" count="1" type="cond" truecount="7" falsecount="38"/>
        <line num="114" count="1" type="cond" truecount="3" falsecount="53"/>
        <line num="115" count="32" type="cond" truecount="37" falsecount="175"/>
        <line num="122" count="69" type="cond" truecount="45" falsecount="113"/>
        <line num="123" count="1" type="cond" truecount="0" falsecount="14"/>
        <line num="124" count="0" type="cond" truecount="0" falsecount="6"/>
        <line num="125" count="0" type="cond" truecount="0" falsecount="2"/>
        <line num="126" count="0" type="cond" truecount="0" falsecount="12"/>
        <line num="127" count="2" type="cond" truecount="45" falsecount="137"/>
        <line num="128" count="1" type="cond" truecount="2" falsecount="12"/>
        <line num="147" count="0" type="cond" truecount="0" falsecount="2"/>
      </file>
    </package>
    <package name="prisma.generated.postgres_client">
      <metrics statements="55" coveredstatements="50" conditionals="8" coveredconditionals="4" methods="1" coveredmethods="0"/>
      <file name="index.js" path="/Users/juanazula/dev/azulahub/back/prisma/generated/postgres_client/index.js">
        <metrics statements="55" coveredstatements="50" conditionals="8" coveredconditionals="4" methods="1" coveredmethods="0"/>
        <line num="2" count="1" type="stmt"/>
        <line num="25" count="1" type="stmt"/>
        <line num="28" count="1" type="stmt"/>
        <line num="30" count="1" type="stmt"/>
        <line num="31" count="1" type="stmt"/>
        <line num="37" count="1" type="stmt"/>
        <line num="42" count="1" type="stmt"/>
        <line num="43" count="1" type="stmt"/>
        <line num="44" count="1" type="stmt"/>
        <line num="45" count="1" type="stmt"/>
        <line num="46" count="1" type="stmt"/>
        <line num="47" count="1" type="stmt"/>
        <line num="48" count="1" type="stmt"/>
        <line num="53" count="1" type="stmt"/>
        <line num="54" count="1" type="stmt"/>
        <line num="55" count="1" type="stmt"/>
        <line num="56" count="1" type="stmt"/>
        <line num="57" count="1" type="stmt"/>
        <line num="62" count="1" type="stmt"/>
        <line num="63" count="1" type="stmt"/>
        <line num="68" count="1" type="stmt"/>
        <line num="69" count="1" type="stmt"/>
        <line num="70" count="1" type="stmt"/>
        <line num="72" count="1" type="stmt"/>
        <line num="79" count="1" type="stmt"/>
        <line num="84" count="1" type="stmt"/>
        <line num="91" count="1" type="stmt"/>
        <line num="100" count="1" type="stmt"/>
        <line num="110" count="1" type="stmt"/>
        <line num="120" count="1" type="stmt"/>
        <line num="125" count="1" type="stmt"/>
        <line num="130" count="1" type="stmt"/>
        <line num="135" count="1" type="stmt"/>
        <line num="141" count="1" type="stmt"/>
        <line num="150" count="1" type="stmt"/>
        <line num="201" count="1" type="stmt"/>
        <line num="203" count="1" type="stmt"/>
        <line num="204" count="1" type="cond" truecount="1" falsecount="1"/>
        <line num="205" count="0" type="stmt"/>
        <line num="210" count="0" type="cond" truecount="0" falsecount="2"/>
        <line num="211" count="0" type="stmt"/>
        <line num="214" count="0" type="stmt"/>
        <line num="215" count="0" type="stmt"/>
        <line num="218" count="1" type="stmt"/>
        <line num="219" count="1" type="stmt"/>
        <line num="220" count="1" type="stmt"/>
        <line num="223" count="1" type="stmt"/>
        <line num="225" count="1" type="stmt"/>
        <line num="230" count="1" type="stmt"/>
        <line num="231" count="1" type="stmt"/>
        <line num="232" count="1" type="stmt"/>
        <line num="235" count="1" type="stmt"/>
        <line num="236" count="1" type="stmt"/>
        <line num="238" count="1" type="stmt"/>
        <line num="239" count="1" type="stmt"/>
      </file>
    </package>
    <package name="prisma.generated.postgres_client.runtime">
      <metrics statements="51" coveredstatements="28" conditionals="3687" coveredconditionals="233" methods="1271" coveredmethods="106"/>
      <file name="library.js" path="/Users/juanazula/dev/azulahub/back/prisma/generated/postgres_client/runtime/library.js">
        <metrics statements="51" coveredstatements="28" conditionals="3687" coveredconditionals="233" methods="1271" coveredmethods="106"/>
        <line num="1" count="869" type="cond" truecount="77" falsecount="129"/>
        <line num="2" count="9" type="cond" truecount="3" falsecount="1"/>
        <line num="3" count="26" type="cond" truecount="35" falsecount="91"/>
        <line num="4" count="12" type="cond" truecount="6" falsecount="20"/>
        <line num="5" count="7" type="cond" truecount="0" falsecount="188"/>
        <line num="6" count="1" type="cond" truecount="0" falsecount="39"/>
        <line num="7" count="9" type="cond" truecount="11" falsecount="69"/>
        <line num="8" count="1" type="cond" truecount="2" falsecount="12"/>
        <line num="10" count="0" type="stmt"/>
        <line num="14" count="0" type="cond" truecount="0" falsecount="4"/>
        <line num="16" count="2" type="cond" truecount="6" falsecount="27"/>
        <line num="19" count="1" type="cond" truecount="4" falsecount="4"/>
        <line num="21" count="0" type="cond" truecount="0" falsecount="6"/>
        <line num="22" count="23" type="cond" truecount="2" falsecount="64"/>
        <line num="23" count="292" type="cond" truecount="44" falsecount="1196"/>
        <line num="24" count="1" type="cond" truecount="0" falsecount="39"/>
        <line num="25" count="1" type="stmt"/>
        <line num="26" count="159" type="cond" truecount="39" falsecount="222"/>
        <line num="27" count="0" type="stmt"/>
        <line num="28" count="0" type="stmt"/>
        <line num="29" count="0" type="stmt"/>
        <line num="30" count="1" type="cond" truecount="0" falsecount="40"/>
        <line num="31" count="1" type="cond" truecount="0" falsecount="197"/>
        <line num="33" count="1" type="cond" truecount="0" falsecount="24"/>
        <line num="35" count="0" type="stmt"/>
        <line num="36" count="0" type="stmt"/>
        <line num="37" count="0" type="stmt"/>
        <line num="42" count="0" type="stmt"/>
        <line num="43" count="0" type="cond" truecount="0" falsecount="2"/>
        <line num="45" count="0" type="stmt"/>
        <line num="52" count="0" type="stmt"/>
        <line num="57" count="0" type="stmt"/>
        <line num="64" count="1" type="cond" truecount="0" falsecount="31"/>
        <line num="65" count="0" type="stmt"/>
        <line num="66" count="1" type="cond" truecount="0" falsecount="7"/>
        <line num="69" count="0" type="stmt"/>
        <line num="101" count="0" type="stmt"/>
        <line num="110" count="1" type="cond" truecount="0" falsecount="100"/>
        <line num="111" count="1" type="cond" truecount="1" falsecount="188"/>
        <line num="112" count="0" type="cond" truecount="0" falsecount="50"/>
        <line num="113" count="0" type="cond" truecount="0" falsecount="45"/>
        <line num="114" count="1" type="cond" truecount="0" falsecount="56"/>
        <line num="115" count="1" type="cond" truecount="0" falsecount="212"/>
        <line num="122" count="1" type="cond" truecount="0" falsecount="158"/>
        <line num="123" count="1" type="cond" truecount="0" falsecount="14"/>
        <line num="124" count="0" type="cond" truecount="0" falsecount="6"/>
        <line num="125" count="0" type="cond" truecount="0" falsecount="2"/>
        <line num="126" count="0" type="cond" truecount="0" falsecount="12"/>
        <line num="127" count="1" type="cond" truecount="2" falsecount="180"/>
        <line num="128" count="1" type="cond" truecount="1" falsecount="13"/>
        <line num="147" count="0" type="cond" truecount="0" falsecount="2"/>
      </file>
    </package>
    <package name="src">
      <metrics statements="16" coveredstatements="16" conditionals="0" coveredconditionals="0" methods="0" coveredmethods="0"/>
      <file name="app.ts" path="/Users/juanazula/dev/azulahub/back/src/app.ts">
        <metrics statements="16" coveredstatements="16" conditionals="0" coveredconditionals="0" methods="0" coveredmethods="0"/>
        <line num="17" count="1" type="stmt"/>
        <line num="19" count="1" type="stmt"/>
        <line num="20" count="1" type="stmt"/>
        <line num="22" count="1" type="stmt"/>
        <line num="24" count="1" type="stmt"/>
        <line num="25" count="1" type="stmt"/>
        <line num="28" count="1" type="stmt"/>
        <line num="29" count="1" type="stmt"/>
        <line num="31" count="1" type="stmt"/>
        <line num="39" count="1" type="stmt"/>
        <line num="40" count="1" type="stmt"/>
        <line num="41" count="1" type="stmt"/>
        <line num="42" count="1" type="stmt"/>
        <line num="43" count="1" type="stmt"/>
        <line num="44" count="1" type="stmt"/>
        <line num="45" count="1" type="stmt"/>
      </file>
    </package>
    <package name="src.client">
      <metrics statements="18" coveredstatements="11" conditionals="8" coveredconditionals="4" methods="3" coveredmethods="1"/>
      <file name="prismaClient.ts" path="/Users/juanazula/dev/azulahub/back/src/client/prismaClient.ts">
        <metrics statements="15" coveredstatements="9" conditionals="6" coveredconditionals="4" methods="1" coveredmethods="1"/>
        <line num="10" count="1" type="stmt"/>
        <line num="21" count="1" type="stmt"/>
        <line num="23" count="1" type="cond" truecount="1" falsecount="1"/>
        <line num="30" count="1" type="stmt"/>
        <line num="31" count="1" type="cond" truecount="1" falsecount="1"/>
        <line num="32" count="0" type="stmt"/>
        <line num="33" count="0" type="stmt"/>
        <line num="34" count="0" type="stmt"/>
        <line num="35" count="0" type="stmt"/>
        <line num="36" count="0" type="stmt"/>
        <line num="37" count="0" type="stmt"/>
        <line num="39" count="1" type="stmt"/>
        <line num="40" count="1" type="stmt"/>
        <line num="41" count="1" type="stmt"/>
        <line num="49" count="2" type="cond" truecount="2" falsecount="0"/>
      </file>
      <file name="redisClient.ts" path="/Users/juanazula/dev/azulahub/back/src/client/redisClient.ts">
        <metrics statements="3" coveredstatements="2" conditionals="2" coveredconditionals="0" methods="2" coveredmethods="0"/>
        <line num="6" count="1" type="stmt"/>
        <line num="7" count="0" type="stmt"/>
        <line num="15" count="1" type="cond" truecount="0" falsecount="2"/>
      </file>
    </package>
    <package name="src.controllers">
      <metrics statements="270" coveredstatements="16" conditionals="113" coveredconditionals="0" methods="25" coveredmethods="2"/>
      <file name="genres.controller.ts" path="/Users/juanazula/dev/azulahub/back/src/controllers/genres.controller.ts">
        <metrics statements="6" coveredstatements="0" conditionals="0" coveredconditionals="0" methods="1" coveredmethods="0"/>
        <line num="5" count="0" type="stmt"/>
        <line num="6" count="0" type="stmt"/>
        <line num="7" count="0" type="stmt"/>
        <line num="13" count="0" type="stmt"/>
        <line num="15" count="0" type="stmt"/>
        <line num="16" count="0" type="stmt"/>
      </file>
      <file name="login.controller.ts" path="/Users/juanazula/dev/azulahub/back/src/controllers/login.controller.ts">
        <metrics statements="25" coveredstatements="1" conditionals="13" coveredconditionals="0" methods="3" coveredmethods="0"/>
        <line num="10" count="0" type="stmt"/>
        <line num="11" count="0" type="stmt"/>
        <line num="12" count="0" type="cond" truecount="0" falsecount="3"/>
        <line num="13" count="0" type="stmt"/>
        <line num="16" count="0" type="stmt"/>
        <line num="18" count="0" type="stmt"/>
        <line num="25" count="0" type="cond" truecount="0" falsecount="2"/>
        <line num="29" count="0" type="cond" truecount="0" falsecount="3"/>
        <line num="30" count="0" type="stmt"/>
        <line num="34" count="0" type="stmt"/>
        <line num="36" count="0" type="stmt"/>
        <line num="41" count="0" type="stmt"/>
        <line num="48" count="0" type="stmt"/>
        <line num="49" count="0" type="stmt"/>
        <line num="58" count="0" type="stmt"/>
        <line num="59" count="0" type="stmt"/>
        <line num="60" count="0" type="stmt"/>
        <line num="61" count="0" type="stmt"/>
        <line num="62" count="0" type="cond" truecount="0" falsecount="1"/>
        <line num="63" count="0" type="stmt"/>
        <line num="65" count="0" type="stmt"/>
        <line num="66" count="0" type="stmt"/>
        <line num="67" count="0" type="stmt"/>
        <line num="69" count="0" type="stmt"/>
        <line num="83" count="1" type="cond" truecount="0" falsecount="2"/>
      </file>
      <file name="movies.controller.ts" path="/Users/juanazula/dev/azulahub/back/src/controllers/movies.controller.ts">
        <metrics statements="106" coveredstatements="12" conditionals="46" coveredconditionals="0" methods="8" coveredmethods="2"/>
        <line num="15" count="1" type="stmt"/>
        <line num="23" count="1" type="cond" truecount="0" falsecount="1"/>
        <line num="24" count="0" type="stmt"/>
        <line num="25" count="0" type="stmt"/>
        <line num="27" count="1" type="stmt"/>
        <line num="28" count="1" type="stmt"/>
        <line num="29" count="1" type="stmt"/>
        <line num="32" count="0" type="stmt"/>
        <line num="34" count="1" type="stmt"/>
        <line num="38" count="1" type="stmt"/>
        <line num="40" count="1" type="stmt"/>
        <line num="41" count="1" type="cond" truecount="0" falsecount="1"/>
        <line num="42" count="0" type="stmt"/>
        <line num="43" count="0" type="stmt"/>
        <line num="44" count="0" type="stmt"/>
        <line num="47" count="1" type="stmt"/>
        <line num="54" count="1" type="stmt"/>
        <line num="66" count="0" type="stmt"/>
        <line num="68" count="0" type="stmt"/>
        <line num="69" count="0" type="stmt"/>
        <line num="70" count="0" type="stmt"/>
        <line num="72" count="0" type="cond" truecount="0" falsecount="3"/>
        <line num="73" count="0" type="stmt"/>
        <line num="76" count="0" type="stmt"/>
        <line num="77" count="0" type="cond" truecount="0" falsecount="1"/>
        <line num="78" count="0" type="stmt"/>
        <line num="80" count="0" type="stmt"/>
        <line num="81" count="0" type="stmt"/>
        <line num="82" count="0" type="cond" truecount="0" falsecount="1"/>
        <line num="83" count="0" type="stmt"/>
        <line num="85" count="0" type="stmt"/>
        <line num="86" count="0" type="stmt"/>
        <line num="87" count="0" type="stmt"/>
        <line num="89" count="0" type="stmt"/>
        <line num="90" count="0" type="stmt"/>
        <line num="93" count="0" type="cond" truecount="0" falsecount="1"/>
        <line num="94" count="0" type="stmt"/>
        <line num="97" count="0" type="stmt"/>
        <line num="99" count="0" type="stmt"/>
        <line num="116" count="0" type="stmt"/>
        <line num="117" count="0" type="stmt"/>
        <line num="118" count="0" type="cond" truecount="0" falsecount="1"/>
        <line num="119" count="0" type="stmt"/>
        <line num="121" count="0" type="stmt"/>
        <line num="122" count="0" type="stmt"/>
        <line num="123" count="0" type="stmt"/>
        <line num="125" count="0" type="stmt"/>
        <line num="127" count="0" type="stmt"/>
        <line num="128" count="0" type="stmt"/>
        <line num="133" count="0" type="stmt"/>
        <line num="134" count="0" type="stmt"/>
        <line num="136" count="0" type="stmt"/>
        <line num="137" count="0" type="stmt"/>
        <line num="139" count="0" type="cond" truecount="0" falsecount="3"/>
        <line num="140" count="0" type="stmt"/>
        <line num="142" count="0" type="cond" truecount="0" falsecount="3"/>
        <line num="143" count="0" type="stmt"/>
        <line num="145" count="0" type="stmt"/>
        <line num="146" count="0" type="stmt"/>
        <line num="147" count="0" type="cond" truecount="0" falsecount="1"/>
        <line num="148" count="0" type="stmt"/>
        <line num="150" count="0" type="stmt"/>
        <line num="152" count="0" type="stmt"/>
        <line num="155" count="0" type="cond" truecount="0" falsecount="3"/>
        <line num="156" count="0" type="stmt"/>
        <line num="159" count="0" type="stmt"/>
        <line num="160" count="0" type="stmt"/>
        <line num="162" count="0" type="stmt"/>
        <line num="163" count="0" type="stmt"/>
        <line num="164" count="0" type="cond" truecount="0" falsecount="1"/>
        <line num="165" count="0" type="stmt"/>
        <line num="167" count="0" type="stmt"/>
        <line num="168" count="0" type="stmt"/>
        <line num="171" count="0" type="stmt"/>
        <line num="176" count="0" type="stmt"/>
        <line num="177" count="0" type="stmt"/>
        <line num="178" count="0" type="stmt"/>
        <line num="179" count="0" type="stmt"/>
        <line num="180" count="0" type="stmt"/>
        <line num="182" count="0" type="cond" truecount="0" falsecount="3"/>
        <line num="183" count="0" type="stmt"/>
        <line num="186" count="0" type="cond" truecount="0" falsecount="3"/>
        <line num="187" count="0" type="stmt"/>
        <line num="189" count="0" type="stmt"/>
        <line num="190" count="0" type="stmt"/>
        <line num="191" count="0" type="cond" truecount="0" falsecount="1"/>
        <line num="192" count="0" type="stmt"/>
        <line num="194" count="0" type="stmt"/>
        <line num="195" count="0" type="stmt"/>
        <line num="197" count="0" type="stmt"/>
        <line num="199" count="0" type="cond" truecount="0" falsecount="3"/>
        <line num="200" count="0" type="stmt"/>
        <line num="202" count="0" type="stmt"/>
        <line num="203" count="0" type="stmt"/>
        <line num="204" count="0" type="cond" truecount="0" falsecount="1"/>
        <line num="205" count="0" type="stmt"/>
        <line num="208" count="0" type="stmt"/>
        <line num="219" count="0" type="stmt"/>
        <line num="220" count="0" type="cond" truecount="0" falsecount="1"/>
        <line num="221" count="0" type="stmt"/>
        <line num="223" count="0" type="stmt"/>
        <line num="224" count="0" type="stmt"/>
        <line num="225" count="0" type="stmt"/>
        <line num="226" count="0" type="stmt"/>
        <line num="229" count="0" type="stmt"/>
        <line num="246" count="1" type="cond" truecount="0" falsecount="2"/>
      </file>
      <file name="series.controller.ts" path="/Users/juanazula/dev/azulahub/back/src/controllers/series.controller.ts">
        <metrics statements="82" coveredstatements="1" conditionals="43" coveredconditionals="0" methods="6" coveredmethods="0"/>
        <line num="9" count="0" type="stmt"/>
        <line num="10" count="0" type="cond" truecount="0" falsecount="1"/>
        <line num="11" count="0" type="stmt"/>
        <line num="12" count="0" type="stmt"/>
        <line num="13" count="0" type="stmt"/>
        <line num="15" count="0" type="stmt"/>
        <line num="22" count="0" type="cond" truecount="0" falsecount="1"/>
        <line num="23" count="0" type="stmt"/>
        <line num="24" count="0" type="stmt"/>
        <line num="26" count="0" type="stmt"/>
        <line num="27" count="0" type="stmt"/>
        <line num="28" count="0" type="stmt"/>
        <line num="30" count="0" type="stmt"/>
        <line num="32" count="0" type="stmt"/>
        <line num="36" count="0" type="stmt"/>
        <line num="37" count="0" type="stmt"/>
        <line num="44" count="0" type="stmt"/>
        <line num="55" count="0" type="stmt"/>
        <line num="57" count="0" type="stmt"/>
        <line num="58" count="0" type="stmt"/>
        <line num="59" count="0" type="stmt"/>
        <line num="61" count="0" type="cond" truecount="0" falsecount="3"/>
        <line num="62" count="0" type="stmt"/>
        <line num="65" count="0" type="stmt"/>
        <line num="66" count="0" type="cond" truecount="0" falsecount="1"/>
        <line num="67" count="0" type="stmt"/>
        <line num="69" count="0" type="stmt"/>
        <line num="70" count="0" type="stmt"/>
        <line num="71" count="0" type="cond" truecount="0" falsecount="1"/>
        <line num="72" count="0" type="stmt"/>
        <line num="74" count="0" type="stmt"/>
        <line num="75" count="0" type="stmt"/>
        <line num="76" count="0" type="stmt"/>
        <line num="78" count="0" type="stmt"/>
        <line num="79" count="0" type="stmt"/>
        <line num="82" count="0" type="cond" truecount="0" falsecount="1"/>
        <line num="83" count="0" type="stmt"/>
        <line num="87" count="0" type="stmt"/>
        <line num="97" count="0" type="stmt"/>
        <line num="101" count="0" type="stmt"/>
        <line num="102" count="0" type="stmt"/>
        <line num="104" count="0" type="stmt"/>
        <line num="105" count="0" type="stmt"/>
        <line num="107" count="0" type="cond" truecount="0" falsecount="3"/>
        <line num="108" count="0" type="stmt"/>
        <line num="110" count="0" type="cond" truecount="0" falsecount="3"/>
        <line num="111" count="0" type="stmt"/>
        <line num="114" count="0" type="stmt"/>
        <line num="115" count="0" type="stmt"/>
        <line num="116" count="0" type="cond" truecount="0" falsecount="1"/>
        <line num="117" count="0" type="stmt"/>
        <line num="119" count="0" type="stmt"/>
        <line num="121" count="0" type="stmt"/>
        <line num="124" count="0" type="cond" truecount="0" falsecount="3"/>
        <line num="125" count="0" type="stmt"/>
        <line num="128" count="0" type="stmt"/>
        <line num="129" count="0" type="stmt"/>
        <line num="133" count="0" type="stmt"/>
        <line num="134" count="0" type="stmt"/>
        <line num="136" count="0" type="stmt"/>
        <line num="137" count="0" type="stmt"/>
        <line num="139" count="0" type="cond" truecount="0" falsecount="3"/>
        <line num="140" count="0" type="stmt"/>
        <line num="142" count="0" type="cond" truecount="0" falsecount="3"/>
        <line num="143" count="0" type="stmt"/>
        <line num="146" count="0" type="stmt"/>
        <line num="147" count="0" type="stmt"/>
        <line num="148" count="0" type="cond" truecount="0" falsecount="1"/>
        <line num="149" count="0" type="stmt"/>
        <line num="151" count="0" type="stmt"/>
        <line num="153" count="0" type="stmt"/>
        <line num="156" count="0" type="cond" truecount="0" falsecount="3"/>
        <line num="157" count="0" type="stmt"/>
        <line num="160" count="0" type="stmt"/>
        <line num="161" count="0" type="stmt"/>
        <line num="163" count="0" type="cond" truecount="0" falsecount="1"/>
        <line num="164" count="0" type="stmt"/>
        <line num="167" count="0" type="stmt"/>
        <line num="178" count="0" type="stmt"/>
        <line num="180" count="0" type="stmt"/>
        <line num="181" count="0" type="stmt"/>
        <line num="198" count="1" type="cond" truecount="0" falsecount="2"/>
      </file>
      <file name="upload.controller.ts" path="/Users/juanazula/dev/azulahub/back/src/controllers/upload.controller.ts">
        <metrics statements="31" coveredstatements="1" conditionals="9" coveredconditionals="0" methods="2" coveredmethods="0"/>
        <line num="13" count="0" type="stmt"/>
        <line num="14" count="0" type="stmt"/>
        <line num="15" count="0" type="stmt"/>
        <line num="17" count="0" type="cond" truecount="0" falsecount="3"/>
        <line num="18" count="0" type="stmt"/>
        <line num="21" count="0" type="stmt"/>
        <line num="22" count="0" type="cond" truecount="0" falsecount="1"/>
        <line num="23" count="0" type="stmt"/>
        <line num="25" count="0" type="stmt"/>
        <line num="26" count="0" type="stmt"/>
        <line num="27" count="0" type="cond" truecount="0" falsecount="1"/>
        <line num="28" count="0" type="stmt"/>
        <line num="30" count="0" type="stmt"/>
        <line num="31" count="0" type="stmt"/>
        <line num="32" count="0" type="stmt"/>
        <line num="34" count="0" type="stmt"/>
        <line num="35" count="0" type="stmt"/>
        <line num="38" count="0" type="cond" truecount="0" falsecount="1"/>
        <line num="39" count="0" type="stmt"/>
        <line num="41" count="0" type="stmt"/>
        <line num="42" count="0" type="stmt"/>
        <line num="43" count="0" type="cond" truecount="0" falsecount="1"/>
        <line num="44" count="0" type="stmt"/>
        <line num="47" count="0" type="stmt"/>
        <line num="48" count="0" type="stmt"/>
        <line num="49" count="0" type="stmt"/>
        <line num="50" count="0" type="stmt"/>
        <line num="51" count="0" type="stmt"/>
        <line num="53" count="0" type="stmt"/>
        <line num="54" count="0" type="stmt"/>
        <line num="65" count="1" type="cond" truecount="0" falsecount="2"/>
      </file>
      <file name="user.controller.ts" path="/Users/juanazula/dev/azulahub/back/src/controllers/user.controller.ts">
        <metrics statements="20" coveredstatements="1" conditionals="2" coveredconditionals="0" methods="5" coveredmethods="0"/>
        <line num="9" count="0" type="stmt"/>
        <line num="10" count="0" type="stmt"/>
        <line num="11" count="0" type="stmt"/>
        <line num="15" count="0" type="stmt"/>
        <line num="16" count="0" type="stmt"/>
        <line num="17" count="0" type="stmt"/>
        <line num="21" count="0" type="stmt"/>
        <line num="22" count="0" type="stmt"/>
        <line num="24" count="0" type="stmt"/>
        <line num="26" count="0" type="stmt"/>
        <line num="27" count="0" type="stmt"/>
        <line num="28" count="0" type="stmt"/>
        <line num="29" count="0" type="stmt"/>
        <line num="38" count="0" type="stmt"/>
        <line num="41" count="0" type="stmt"/>
        <line num="42" count="0" type="stmt"/>
        <line num="47" count="0" type="stmt"/>
        <line num="48" count="0" type="stmt"/>
        <line num="49" count="0" type="stmt"/>
        <line num="64" count="1" type="cond" truecount="0" falsecount="2"/>
      </file>
    </package>
    <package name="src.routes">
      <metrics statements="29" coveredstatements="27" conditionals="0" coveredconditionals="0" methods="2" coveredmethods="0"/>
      <file name="categories.routes.ts" path="/Users/juanazula/dev/azulahub/back/src/routes/categories.routes.ts">
        <metrics statements="3" coveredstatements="2" conditionals="0" coveredconditionals="0" methods="1" coveredmethods="0"/>
        <line num="3" count="1" type="stmt"/>
        <line num="5" count="1" type="stmt"/>
        <line num="6" count="0" type="stmt"/>
      </file>
      <file name="genres.routes.ts" path="/Users/juanazula/dev/azulahub/back/src/routes/genres.routes.ts">
        <metrics statements="2" coveredstatements="2" conditionals="0" coveredconditionals="0" methods="0" coveredmethods="0"/>
        <line num="4" count="1" type="stmt"/>
        <line num="6" count="1" type="stmt"/>
      </file>
      <file name="login.route.ts" path="/Users/juanazula/dev/azulahub/back/src/routes/login.route.ts">
        <metrics statements="5" coveredstatements="4" conditionals="0" coveredconditionals="0" methods="1" coveredmethods="0"/>
        <line num="4" count="1" type="stmt"/>
        <line num="6" count="1" type="stmt"/>
        <line num="7" count="0" type="stmt"/>
        <line num="9" count="1" type="stmt"/>
        <line num="10" count="1" type="stmt"/>
      </file>
      <file name="movies.routes.ts" path="/Users/juanazula/dev/azulahub/back/src/routes/movies.routes.ts">
        <metrics statements="6" coveredstatements="6" conditionals="0" coveredconditionals="0" methods="0" coveredmethods="0"/>
        <line num="4" count="1" type="stmt"/>
        <line num="6" count="1" type="stmt"/>
        <line num="7" count="1" type="stmt"/>
        <line num="8" count="1" type="stmt"/>
        <line num="9" count="1" type="stmt"/>
        <line num="10" count="1" type="stmt"/>
      </file>
      <file name="series.routes.ts" path="/Users/juanazula/dev/azulahub/back/src/routes/series.routes.ts">
        <metrics statements="6" coveredstatements="6" conditionals="0" coveredconditionals="0" methods="0" coveredmethods="0"/>
        <line num="4" count="1" type="stmt"/>
        <line num="6" count="1" type="stmt"/>
        <line num="7" count="1" type="stmt"/>
        <line num="8" count="1" type="stmt"/>
        <line num="9" count="1" type="stmt"/>
        <line num="10" count="1" type="stmt"/>
      </file>
      <file name="upload.routes.ts" path="/Users/juanazula/dev/azulahub/back/src/routes/upload.routes.ts">
        <metrics statements="2" coveredstatements="2" conditionals="0" coveredconditionals="0" methods="0" coveredmethods="0"/>
        <line num="6" count="1" type="stmt"/>
        <line num="8" count="1" type="stmt"/>
      </file>
      <file name="user.routes.ts" path="/Users/juanazula/dev/azulahub/back/src/routes/user.routes.ts">
        <metrics statements="5" coveredstatements="5" conditionals="0" coveredconditionals="0" methods="0" coveredmethods="0"/>
        <line num="4" count="1" type="stmt"/>
        <line num="6" count="1" type="stmt"/>
        <line num="7" count="1" type="stmt"/>
        <line num="8" count="1" type="stmt"/>
        <line num="9" count="1" type="stmt"/>
      </file>
    </package>
  </project>
</coverage>
